<?xml version="1.0" encoding="UTF-8"?>
<testsuite xmlns:xsi="http://www.w3.org/2001/XMLSchema-instance" xsi:noNamespaceSchemaLocation="https://maven.apache.org/surefire/maven-surefire-plugin/xsd/surefire-test-report.xsd" name="com.want.OrderManagementSystemApplicationTests" time="25.509" tests="1" errors="0" skipped="0" failures="0">
  <properties>
    <property name="sun.desktop" value="windows"/>
    <property name="awt.toolkit" value="sun.awt.windows.WToolkit"/>
    <property name="file.encoding.pkg" value="sun.io"/>
    <property name="java.specification.version" value="1.8"/>
    <property name="sun.cpu.isalist" value="amd64"/>
    <property name="sun.jnu.encoding" value="GBK"/>
    <property name="java.class.path" value="D:\workspaceBoot\orderManagementSystem\target\test-classes;D:\workspaceBoot\orderManagementSystem\target\classes;D:\jimmy_down\apache-maven-3.3.9\repository\org\springframework\boot\spring-boot-starter-web\2.1.8.RELEASE\spring-boot-starter-web-2.1.8.RELEASE.jar;D:\jimmy_down\apache-maven-3.3.9\repository\org\springframework\boot\spring-boot-starter\2.1.8.RELEASE\spring-boot-starter-2.1.8.RELEASE.jar;D:\jimmy_down\apache-maven-3.3.9\repository\org\springframework\boot\spring-boot\2.1.8.RELEASE\spring-boot-2.1.8.RELEASE.jar;D:\jimmy_down\apache-maven-3.3.9\repository\org\springframework\boot\spring-boot-starter-logging\2.1.8.RELEASE\spring-boot-starter-logging-2.1.8.RELEASE.jar;D:\jimmy_down\apache-maven-3.3.9\repository\ch\qos\logback\logback-classic\1.2.3\logback-classic-1.2.3.jar;D:\jimmy_down\apache-maven-3.3.9\repository\ch\qos\logback\logback-core\1.2.3\logback-core-1.2.3.jar;D:\jimmy_down\apache-maven-3.3.9\repository\org\apache\logging\log4j\log4j-to-slf4j\2.11.2\log4j-to-slf4j-2.11.2.jar;D:\jimmy_down\apache-maven-3.3.9\repository\org\apache\logging\log4j\log4j-api\2.11.2\log4j-api-2.11.2.jar;D:\jimmy_down\apache-maven-3.3.9\repository\org\slf4j\jul-to-slf4j\1.7.28\jul-to-slf4j-1.7.28.jar;D:\jimmy_down\apache-maven-3.3.9\repository\javax\annotation\javax.annotation-api\1.3.2\javax.annotation-api-1.3.2.jar;D:\jimmy_down\apache-maven-3.3.9\repository\org\yaml\snakeyaml\1.23\snakeyaml-1.23.jar;D:\jimmy_down\apache-maven-3.3.9\repository\org\springframework\boot\spring-boot-starter-json\2.1.8.RELEASE\spring-boot-starter-json-2.1.8.RELEASE.jar;D:\jimmy_down\apache-maven-3.3.9\repository\com\fasterxml\jackson\core\jackson-databind\2.9.9.3\jackson-databind-2.9.9.3.jar;D:\jimmy_down\apache-maven-3.3.9\repository\com\fasterxml\jackson\core\jackson-annotations\2.9.0\jackson-annotations-2.9.0.jar;D:\jimmy_down\apache-maven-3.3.9\repository\com\fasterxml\jackson\core\jackson-core\2.9.9\jackson-core-2.9.9.jar;D:\jimmy_down\apache-maven-3.3.9\repository\com\fasterxml\jackson\datatype\jackson-datatype-jdk8\2.9.9\jackson-datatype-jdk8-2.9.9.jar;D:\jimmy_down\apache-maven-3.3.9\repository\com\fasterxml\jackson\datatype\jackson-datatype-jsr310\2.9.9\jackson-datatype-jsr310-2.9.9.jar;D:\jimmy_down\apache-maven-3.3.9\repository\com\fasterxml\jackson\module\jackson-module-parameter-names\2.9.9\jackson-module-parameter-names-2.9.9.jar;D:\jimmy_down\apache-maven-3.3.9\repository\org\springframework\boot\spring-boot-starter-tomcat\2.1.8.RELEASE\spring-boot-starter-tomcat-2.1.8.RELEASE.jar;D:\jimmy_down\apache-maven-3.3.9\repository\org\apache\tomcat\embed\tomcat-embed-core\9.0.24\tomcat-embed-core-9.0.24.jar;D:\jimmy_down\apache-maven-3.3.9\repository\org\apache\tomcat\embed\tomcat-embed-el\9.0.24\tomcat-embed-el-9.0.24.jar;D:\jimmy_down\apache-maven-3.3.9\repository\org\apache\tomcat\embed\tomcat-embed-websocket\9.0.24\tomcat-embed-websocket-9.0.24.jar;D:\jimmy_down\apache-maven-3.3.9\repository\org\hibernate\validator\hibernate-validator\6.0.17.Final\hibernate-validator-6.0.17.Final.jar;D:\jimmy_down\apache-maven-3.3.9\repository\org\jboss\logging\jboss-logging\3.3.3.Final\jboss-logging-3.3.3.Final.jar;D:\jimmy_down\apache-maven-3.3.9\repository\com\fasterxml\classmate\1.4.0\classmate-1.4.0.jar;D:\jimmy_down\apache-maven-3.3.9\repository\org\springframework\spring-web\5.1.9.RELEASE\spring-web-5.1.9.RELEASE.jar;D:\jimmy_down\apache-maven-3.3.9\repository\org\springframework\spring-beans\5.1.9.RELEASE\spring-beans-5.1.9.RELEASE.jar;D:\jimmy_down\apache-maven-3.3.9\repository\org\springframework\spring-webmvc\5.1.9.RELEASE\spring-webmvc-5.1.9.RELEASE.jar;D:\jimmy_down\apache-maven-3.3.9\repository\org\springframework\spring-aop\5.1.9.RELEASE\spring-aop-5.1.9.RELEASE.jar;D:\jimmy_down\apache-maven-3.3.9\repository\org\springframework\spring-context\5.1.9.RELEASE\spring-context-5.1.9.RELEASE.jar;D:\jimmy_down\apache-maven-3.3.9\repository\org\springframework\spring-expression\5.1.9.RELEASE\spring-expression-5.1.9.RELEASE.jar;D:\jimmy_down\apache-maven-3.3.9\repository\org\springframework\boot\spring-boot-starter-jdbc\2.1.8.RELEASE\spring-boot-starter-jdbc-2.1.8.RELEASE.jar;D:\jimmy_down\apache-maven-3.3.9\repository\com\zaxxer\HikariCP\3.2.0\HikariCP-3.2.0.jar;D:\jimmy_down\apache-maven-3.3.9\repository\org\slf4j\slf4j-api\1.7.28\slf4j-api-1.7.28.jar;D:\jimmy_down\apache-maven-3.3.9\repository\org\springframework\spring-jdbc\5.1.9.RELEASE\spring-jdbc-5.1.9.RELEASE.jar;D:\jimmy_down\apache-maven-3.3.9\repository\org\springframework\spring-tx\5.1.9.RELEASE\spring-tx-5.1.9.RELEASE.jar;D:\jimmy_down\apache-maven-3.3.9\repository\org\springframework\boot\spring-boot-starter-test\2.1.8.RELEASE\spring-boot-starter-test-2.1.8.RELEASE.jar;D:\jimmy_down\apache-maven-3.3.9\repository\org\springframework\boot\spring-boot-test\2.1.8.RELEASE\spring-boot-test-2.1.8.RELEASE.jar;D:\jimmy_down\apache-maven-3.3.9\repository\org\springframework\boot\spring-boot-test-autoconfigure\2.1.8.RELEASE\spring-boot-test-autoconfigure-2.1.8.RELEASE.jar;D:\jimmy_down\apache-maven-3.3.9\repository\com\jayway\jsonpath\json-path\2.4.0\json-path-2.4.0.jar;D:\jimmy_down\apache-maven-3.3.9\repository\junit\junit\4.12\junit-4.12.jar;D:\jimmy_down\apache-maven-3.3.9\repository\org\assertj\assertj-core\3.11.1\assertj-core-3.11.1.jar;D:\jimmy_down\apache-maven-3.3.9\repository\org\mockito\mockito-core\2.23.4\mockito-core-2.23.4.jar;D:\jimmy_down\apache-maven-3.3.9\repository\net\bytebuddy\byte-buddy\1.9.16\byte-buddy-1.9.16.jar;D:\jimmy_down\apache-maven-3.3.9\repository\net\bytebuddy\byte-buddy-agent\1.9.16\byte-buddy-agent-1.9.16.jar;D:\jimmy_down\apache-maven-3.3.9\repository\org\objenesis\objenesis\2.6\objenesis-2.6.jar;D:\jimmy_down\apache-maven-3.3.9\repository\org\hamcrest\hamcrest-core\1.3\hamcrest-core-1.3.jar;D:\jimmy_down\apache-maven-3.3.9\repository\org\hamcrest\hamcrest-library\1.3\hamcrest-library-1.3.jar;D:\jimmy_down\apache-maven-3.3.9\repository\org\skyscreamer\jsonassert\1.5.0\jsonassert-1.5.0.jar;D:\jimmy_down\apache-maven-3.3.9\repository\com\vaadin\external\google\android-json\0.0.20131108.vaadin1\android-json-0.0.20131108.vaadin1.jar;D:\jimmy_down\apache-maven-3.3.9\repository\org\springframework\spring-core\5.1.9.RELEASE\spring-core-5.1.9.RELEASE.jar;D:\jimmy_down\apache-maven-3.3.9\repository\org\springframework\spring-jcl\5.1.9.RELEASE\spring-jcl-5.1.9.RELEASE.jar;D:\jimmy_down\apache-maven-3.3.9\repository\org\springframework\spring-test\5.1.9.RELEASE\spring-test-5.1.9.RELEASE.jar;D:\jimmy_down\apache-maven-3.3.9\repository\org\xmlunit\xmlunit-core\2.6.3\xmlunit-core-2.6.3.jar;D:\jimmy_down\apache-maven-3.3.9\repository\org\mybatis\spring\boot\mybatis-spring-boot-starter\1.3.2\mybatis-spring-boot-starter-1.3.2.jar;D:\jimmy_down\apache-maven-3.3.9\repository\org\mybatis\mybatis\3.4.6\mybatis-3.4.6.jar;D:\jimmy_down\apache-maven-3.3.9\repository\org\mybatis\spring\boot\mybatis-spring-boot-autoconfigure\1.3.1\mybatis-spring-boot-autoconfigure-1.3.1.jar;D:\jimmy_down\apache-maven-3.3.9\repository\org\springframework\boot\spring-boot-autoconfigure\2.1.8.RELEASE\spring-boot-autoconfigure-2.1.8.RELEASE.jar;D:\jimmy_down\apache-maven-3.3.9\repository\org\mybatis\mybatis-spring\1.3.1\mybatis-spring-1.3.1.jar;D:\jimmy_down\apache-maven-3.3.9\repository\com\oracle\ojdbc6\11.2.0\ojdbc6-11.2.0.jar;D:\jimmy_down\apache-maven-3.3.9\repository\org\springframework\boot\spring-boot-configuration-processor\2.1.8.RELEASE\spring-boot-configuration-processor-2.1.8.RELEASE.jar;D:\jimmy_down\apache-maven-3.3.9\repository\org\apache\cxf\cxf-spring-boot-starter-jaxws\3.2.5\cxf-spring-boot-starter-jaxws-3.2.5.jar;D:\jimmy_down\apache-maven-3.3.9\repository\org\apache\cxf\cxf-spring-boot-autoconfigure\3.2.5\cxf-spring-boot-autoconfigure-3.2.5.jar;D:\jimmy_down\apache-maven-3.3.9\repository\javax\validation\validation-api\2.0.1.Final\validation-api-2.0.1.Final.jar;D:\jimmy_down\apache-maven-3.3.9\repository\org\apache\cxf\cxf-rt-frontend-jaxws\3.1.6\cxf-rt-frontend-jaxws-3.1.6.jar;D:\jimmy_down\apache-maven-3.3.9\repository\xml-resolver\xml-resolver\1.2\xml-resolver-1.2.jar;D:\jimmy_down\apache-maven-3.3.9\repository\org\ow2\asm\asm\5.0.4\asm-5.0.4.jar;D:\jimmy_down\apache-maven-3.3.9\repository\org\apache\cxf\cxf-core\3.1.6\cxf-core-3.1.6.jar;D:\jimmy_down\apache-maven-3.3.9\repository\org\codehaus\woodstox\woodstox-core-asl\4.4.1\woodstox-core-asl-4.4.1.jar;D:\jimmy_down\apache-maven-3.3.9\repository\org\codehaus\woodstox\stax2-api\3.1.4\stax2-api-3.1.4.jar;D:\jimmy_down\apache-maven-3.3.9\repository\org\apache\ws\xmlschema\xmlschema-core\2.2.1\xmlschema-core-2.2.1.jar;D:\jimmy_down\apache-maven-3.3.9\repository\org\apache\cxf\cxf-rt-bindings-soap\3.1.6\cxf-rt-bindings-soap-3.1.6.jar;D:\jimmy_down\apache-maven-3.3.9\repository\org\apache\cxf\cxf-rt-wsdl\3.1.6\cxf-rt-wsdl-3.1.6.jar;D:\jimmy_down\apache-maven-3.3.9\repository\wsdl4j\wsdl4j\1.6.3\wsdl4j-1.6.3.jar;D:\jimmy_down\apache-maven-3.3.9\repository\org\apache\cxf\cxf-rt-databinding-jaxb\3.1.6\cxf-rt-databinding-jaxb-3.1.6.jar;D:\jimmy_down\apache-maven-3.3.9\repository\org\apache\cxf\cxf-rt-bindings-xml\3.1.6\cxf-rt-bindings-xml-3.1.6.jar;D:\jimmy_down\apache-maven-3.3.9\repository\org\apache\cxf\cxf-rt-frontend-simple\3.1.6\cxf-rt-frontend-simple-3.1.6.jar;D:\jimmy_down\apache-maven-3.3.9\repository\org\apache\cxf\cxf-rt-ws-addr\3.1.6\cxf-rt-ws-addr-3.1.6.jar;D:\jimmy_down\apache-maven-3.3.9\repository\org\apache\cxf\cxf-rt-ws-policy\3.1.6\cxf-rt-ws-policy-3.1.6.jar;D:\jimmy_down\apache-maven-3.3.9\repository\org\apache\neethi\neethi\3.0.3\neethi-3.0.3.jar;D:\jimmy_down\apache-maven-3.3.9\repository\org\apache\cxf\cxf-rt-transports-http\3.1.6\cxf-rt-transports-http-3.1.6.jar;D:\jimmy_down\apache-maven-3.3.9\repository\javax\xml\bind\jaxb-api\2.3.0\jaxb-api-2.3.0.jar;D:\jimmy_down\apache-maven-3.3.9\repository\com\sun\xml\bind\jaxb-core\2.3.0\jaxb-core-2.3.0.jar;D:\jimmy_down\apache-maven-3.3.9\repository\com\sun\xml\bind\jaxb-impl\2.3.0\jaxb-impl-2.3.0.jar;D:\jimmy_down\apache-maven-3.3.9\repository\javax\activation\activation\1.1.1\activation-1.1.1.jar;D:\jimmy_down\apache-maven-3.3.9\repository\org\apache\httpcomponents\httpclient\4.5.5\httpclient-4.5.5.jar;D:\jimmy_down\apache-maven-3.3.9\repository\org\apache\httpcomponents\httpcore\4.4.12\httpcore-4.4.12.jar;D:\jimmy_down\apache-maven-3.3.9\repository\commons-codec\commons-codec\1.11\commons-codec-1.11.jar;D:\jimmy_down\apache-maven-3.3.9\repository\net\minidev\json-smart\2.2.1\json-smart-2.2.1.jar;D:\jimmy_down\apache-maven-3.3.9\repository\net\minidev\accessors-smart\1.1\accessors-smart-1.1.jar;D:\jimmy_down\apache-maven-3.3.9\repository\com\google\code\gson\gson\2.8.5\gson-2.8.5.jar;"/>
    <property name="java.vm.vendor" value="Oracle Corporation"/>
    <property name="sun.arch.data.model" value="64"/>
    <property name="user.variant" value=""/>
    <property name="java.vendor.url" value="http://java.oracle.com/"/>
    <property name="user.timezone" value="Asia/Shanghai"/>
    <property name="java.vm.specification.version" value="1.8"/>
    <property name="os.name" value="Windows 7"/>
    <property name="user.country" value="CN"/>
    <property name="sun.java.launcher" value="SUN_STANDARD"/>
    <property name="sun.boot.library.path" value="C:\Program Files\Java\jdk1.8.0_77\jre\bin"/>
    <property name="sun.java.command" value="D:\tmp\surefire412786991662949019\surefirebooter4728255775012622194.jar D:\tmp\surefire412786991662949019 2020-06-30T10-58-27_011-jvmRun1 surefire7343782012369146440tmp surefire_04488923856822066390tmp"/>
    <property name="surefire.test.class.path" value="D:\workspaceBoot\orderManagementSystem\target\test-classes;D:\workspaceBoot\orderManagementSystem\target\classes;D:\jimmy_down\apache-maven-3.3.9\repository\org\springframework\boot\spring-boot-starter-web\2.1.8.RELEASE\spring-boot-starter-web-2.1.8.RELEASE.jar;D:\jimmy_down\apache-maven-3.3.9\repository\org\springframework\boot\spring-boot-starter\2.1.8.RELEASE\spring-boot-starter-2.1.8.RELEASE.jar;D:\jimmy_down\apache-maven-3.3.9\repository\org\springframework\boot\spring-boot\2.1.8.RELEASE\spring-boot-2.1.8.RELEASE.jar;D:\jimmy_down\apache-maven-3.3.9\repository\org\springframework\boot\spring-boot-starter-logging\2.1.8.RELEASE\spring-boot-starter-logging-2.1.8.RELEASE.jar;D:\jimmy_down\apache-maven-3.3.9\repository\ch\qos\logback\logback-classic\1.2.3\logback-classic-1.2.3.jar;D:\jimmy_down\apache-maven-3.3.9\repository\ch\qos\logback\logback-core\1.2.3\logback-core-1.2.3.jar;D:\jimmy_down\apache-maven-3.3.9\repository\org\apache\logging\log4j\log4j-to-slf4j\2.11.2\log4j-to-slf4j-2.11.2.jar;D:\jimmy_down\apache-maven-3.3.9\repository\org\apache\logging\log4j\log4j-api\2.11.2\log4j-api-2.11.2.jar;D:\jimmy_down\apache-maven-3.3.9\repository\org\slf4j\jul-to-slf4j\1.7.28\jul-to-slf4j-1.7.28.jar;D:\jimmy_down\apache-maven-3.3.9\repository\javax\annotation\javax.annotation-api\1.3.2\javax.annotation-api-1.3.2.jar;D:\jimmy_down\apache-maven-3.3.9\repository\org\yaml\snakeyaml\1.23\snakeyaml-1.23.jar;D:\jimmy_down\apache-maven-3.3.9\repository\org\springframework\boot\spring-boot-starter-json\2.1.8.RELEASE\spring-boot-starter-json-2.1.8.RELEASE.jar;D:\jimmy_down\apache-maven-3.3.9\repository\com\fasterxml\jackson\core\jackson-databind\2.9.9.3\jackson-databind-2.9.9.3.jar;D:\jimmy_down\apache-maven-3.3.9\repository\com\fasterxml\jackson\core\jackson-annotations\2.9.0\jackson-annotations-2.9.0.jar;D:\jimmy_down\apache-maven-3.3.9\repository\com\fasterxml\jackson\core\jackson-core\2.9.9\jackson-core-2.9.9.jar;D:\jimmy_down\apache-maven-3.3.9\repository\com\fasterxml\jackson\datatype\jackson-datatype-jdk8\2.9.9\jackson-datatype-jdk8-2.9.9.jar;D:\jimmy_down\apache-maven-3.3.9\repository\com\fasterxml\jackson\datatype\jackson-datatype-jsr310\2.9.9\jackson-datatype-jsr310-2.9.9.jar;D:\jimmy_down\apache-maven-3.3.9\repository\com\fasterxml\jackson\module\jackson-module-parameter-names\2.9.9\jackson-module-parameter-names-2.9.9.jar;D:\jimmy_down\apache-maven-3.3.9\repository\org\springframework\boot\spring-boot-starter-tomcat\2.1.8.RELEASE\spring-boot-starter-tomcat-2.1.8.RELEASE.jar;D:\jimmy_down\apache-maven-3.3.9\repository\org\apache\tomcat\embed\tomcat-embed-core\9.0.24\tomcat-embed-core-9.0.24.jar;D:\jimmy_down\apache-maven-3.3.9\repository\org\apache\tomcat\embed\tomcat-embed-el\9.0.24\tomcat-embed-el-9.0.24.jar;D:\jimmy_down\apache-maven-3.3.9\repository\org\apache\tomcat\embed\tomcat-embed-websocket\9.0.24\tomcat-embed-websocket-9.0.24.jar;D:\jimmy_down\apache-maven-3.3.9\repository\org\hibernate\validator\hibernate-validator\6.0.17.Final\hibernate-validator-6.0.17.Final.jar;D:\jimmy_down\apache-maven-3.3.9\repository\org\jboss\logging\jboss-logging\3.3.3.Final\jboss-logging-3.3.3.Final.jar;D:\jimmy_down\apache-maven-3.3.9\repository\com\fasterxml\classmate\1.4.0\classmate-1.4.0.jar;D:\jimmy_down\apache-maven-3.3.9\repository\org\springframework\spring-web\5.1.9.RELEASE\spring-web-5.1.9.RELEASE.jar;D:\jimmy_down\apache-maven-3.3.9\repository\org\springframework\spring-beans\5.1.9.RELEASE\spring-beans-5.1.9.RELEASE.jar;D:\jimmy_down\apache-maven-3.3.9\repository\org\springframework\spring-webmvc\5.1.9.RELEASE\spring-webmvc-5.1.9.RELEASE.jar;D:\jimmy_down\apache-maven-3.3.9\repository\org\springframework\spring-aop\5.1.9.RELEASE\spring-aop-5.1.9.RELEASE.jar;D:\jimmy_down\apache-maven-3.3.9\repository\org\springframework\spring-context\5.1.9.RELEASE\spring-context-5.1.9.RELEASE.jar;D:\jimmy_down\apache-maven-3.3.9\repository\org\springframework\spring-expression\5.1.9.RELEASE\spring-expression-5.1.9.RELEASE.jar;D:\jimmy_down\apache-maven-3.3.9\repository\org\springframework\boot\spring-boot-starter-jdbc\2.1.8.RELEASE\spring-boot-starter-jdbc-2.1.8.RELEASE.jar;D:\jimmy_down\apache-maven-3.3.9\repository\com\zaxxer\HikariCP\3.2.0\HikariCP-3.2.0.jar;D:\jimmy_down\apache-maven-3.3.9\repository\org\slf4j\slf4j-api\1.7.28\slf4j-api-1.7.28.jar;D:\jimmy_down\apache-maven-3.3.9\repository\org\springframework\spring-jdbc\5.1.9.RELEASE\spring-jdbc-5.1.9.RELEASE.jar;D:\jimmy_down\apache-maven-3.3.9\repository\org\springframework\spring-tx\5.1.9.RELEASE\spring-tx-5.1.9.RELEASE.jar;D:\jimmy_down\apache-maven-3.3.9\repository\org\springframework\boot\spring-boot-starter-test\2.1.8.RELEASE\spring-boot-starter-test-2.1.8.RELEASE.jar;D:\jimmy_down\apache-maven-3.3.9\repository\org\springframework\boot\spring-boot-test\2.1.8.RELEASE\spring-boot-test-2.1.8.RELEASE.jar;D:\jimmy_down\apache-maven-3.3.9\repository\org\springframework\boot\spring-boot-test-autoconfigure\2.1.8.RELEASE\spring-boot-test-autoconfigure-2.1.8.RELEASE.jar;D:\jimmy_down\apache-maven-3.3.9\repository\com\jayway\jsonpath\json-path\2.4.0\json-path-2.4.0.jar;D:\jimmy_down\apache-maven-3.3.9\repository\junit\junit\4.12\junit-4.12.jar;D:\jimmy_down\apache-maven-3.3.9\repository\org\assertj\assertj-core\3.11.1\assertj-core-3.11.1.jar;D:\jimmy_down\apache-maven-3.3.9\repository\org\mockito\mockito-core\2.23.4\mockito-core-2.23.4.jar;D:\jimmy_down\apache-maven-3.3.9\repository\net\bytebuddy\byte-buddy\1.9.16\byte-buddy-1.9.16.jar;D:\jimmy_down\apache-maven-3.3.9\repository\net\bytebuddy\byte-buddy-agent\1.9.16\byte-buddy-agent-1.9.16.jar;D:\jimmy_down\apache-maven-3.3.9\repository\org\objenesis\objenesis\2.6\objenesis-2.6.jar;D:\jimmy_down\apache-maven-3.3.9\repository\org\hamcrest\hamcrest-core\1.3\hamcrest-core-1.3.jar;D:\jimmy_down\apache-maven-3.3.9\repository\org\hamcrest\hamcrest-library\1.3\hamcrest-library-1.3.jar;D:\jimmy_down\apache-maven-3.3.9\repository\org\skyscreamer\jsonassert\1.5.0\jsonassert-1.5.0.jar;D:\jimmy_down\apache-maven-3.3.9\repository\com\vaadin\external\google\android-json\0.0.20131108.vaadin1\android-json-0.0.20131108.vaadin1.jar;D:\jimmy_down\apache-maven-3.3.9\repository\org\springframework\spring-core\5.1.9.RELEASE\spring-core-5.1.9.RELEASE.jar;D:\jimmy_down\apache-maven-3.3.9\repository\org\springframework\spring-jcl\5.1.9.RELEASE\spring-jcl-5.1.9.RELEASE.jar;D:\jimmy_down\apache-maven-3.3.9\repository\org\springframework\spring-test\5.1.9.RELEASE\spring-test-5.1.9.RELEASE.jar;D:\jimmy_down\apache-maven-3.3.9\repository\org\xmlunit\xmlunit-core\2.6.3\xmlunit-core-2.6.3.jar;D:\jimmy_down\apache-maven-3.3.9\repository\org\mybatis\spring\boot\mybatis-spring-boot-starter\1.3.2\mybatis-spring-boot-starter-1.3.2.jar;D:\jimmy_down\apache-maven-3.3.9\repository\org\mybatis\mybatis\3.4.6\mybatis-3.4.6.jar;D:\jimmy_down\apache-maven-3.3.9\repository\org\mybatis\spring\boot\mybatis-spring-boot-autoconfigure\1.3.1\mybatis-spring-boot-autoconfigure-1.3.1.jar;D:\jimmy_down\apache-maven-3.3.9\repository\org\springframework\boot\spring-boot-autoconfigure\2.1.8.RELEASE\spring-boot-autoconfigure-2.1.8.RELEASE.jar;D:\jimmy_down\apache-maven-3.3.9\repository\org\mybatis\mybatis-spring\1.3.1\mybatis-spring-1.3.1.jar;D:\jimmy_down\apache-maven-3.3.9\repository\com\oracle\ojdbc6\11.2.0\ojdbc6-11.2.0.jar;D:\jimmy_down\apache-maven-3.3.9\repository\org\springframework\boot\spring-boot-configuration-processor\2.1.8.RELEASE\spring-boot-configuration-processor-2.1.8.RELEASE.jar;D:\jimmy_down\apache-maven-3.3.9\repository\org\apache\cxf\cxf-spring-boot-starter-jaxws\3.2.5\cxf-spring-boot-starter-jaxws-3.2.5.jar;D:\jimmy_down\apache-maven-3.3.9\repository\org\apache\cxf\cxf-spring-boot-autoconfigure\3.2.5\cxf-spring-boot-autoconfigure-3.2.5.jar;D:\jimmy_down\apache-maven-3.3.9\repository\javax\validation\validation-api\2.0.1.Final\validation-api-2.0.1.Final.jar;D:\jimmy_down\apache-maven-3.3.9\repository\org\apache\cxf\cxf-rt-frontend-jaxws\3.1.6\cxf-rt-frontend-jaxws-3.1.6.jar;D:\jimmy_down\apache-maven-3.3.9\repository\xml-resolver\xml-resolver\1.2\xml-resolver-1.2.jar;D:\jimmy_down\apache-maven-3.3.9\repository\org\ow2\asm\asm\5.0.4\asm-5.0.4.jar;D:\jimmy_down\apache-maven-3.3.9\repository\org\apache\cxf\cxf-core\3.1.6\cxf-core-3.1.6.jar;D:\jimmy_down\apache-maven-3.3.9\repository\org\codehaus\woodstox\woodstox-core-asl\4.4.1\woodstox-core-asl-4.4.1.jar;D:\jimmy_down\apache-maven-3.3.9\repository\org\codehaus\woodstox\stax2-api\3.1.4\stax2-api-3.1.4.jar;D:\jimmy_down\apache-maven-3.3.9\repository\org\apache\ws\xmlschema\xmlschema-core\2.2.1\xmlschema-core-2.2.1.jar;D:\jimmy_down\apache-maven-3.3.9\repository\org\apache\cxf\cxf-rt-bindings-soap\3.1.6\cxf-rt-bindings-soap-3.1.6.jar;D:\jimmy_down\apache-maven-3.3.9\repository\org\apache\cxf\cxf-rt-wsdl\3.1.6\cxf-rt-wsdl-3.1.6.jar;D:\jimmy_down\apache-maven-3.3.9\repository\wsdl4j\wsdl4j\1.6.3\wsdl4j-1.6.3.jar;D:\jimmy_down\apache-maven-3.3.9\repository\org\apache\cxf\cxf-rt-databinding-jaxb\3.1.6\cxf-rt-databinding-jaxb-3.1.6.jar;D:\jimmy_down\apache-maven-3.3.9\repository\org\apache\cxf\cxf-rt-bindings-xml\3.1.6\cxf-rt-bindings-xml-3.1.6.jar;D:\jimmy_down\apache-maven-3.3.9\repository\org\apache\cxf\cxf-rt-frontend-simple\3.1.6\cxf-rt-frontend-simple-3.1.6.jar;D:\jimmy_down\apache-maven-3.3.9\repository\org\apache\cxf\cxf-rt-ws-addr\3.1.6\cxf-rt-ws-addr-3.1.6.jar;D:\jimmy_down\apache-maven-3.3.9\repository\org\apache\cxf\cxf-rt-ws-policy\3.1.6\cxf-rt-ws-policy-3.1.6.jar;D:\jimmy_down\apache-maven-3.3.9\repository\org\apache\neethi\neethi\3.0.3\neethi-3.0.3.jar;D:\jimmy_down\apache-maven-3.3.9\repository\org\apache\cxf\cxf-rt-transports-http\3.1.6\cxf-rt-transports-http-3.1.6.jar;D:\jimmy_down\apache-maven-3.3.9\repository\javax\xml\bind\jaxb-api\2.3.0\jaxb-api-2.3.0.jar;D:\jimmy_down\apache-maven-3.3.9\repository\com\sun\xml\bind\jaxb-core\2.3.0\jaxb-core-2.3.0.jar;D:\jimmy_down\apache-maven-3.3.9\repository\com\sun\xml\bind\jaxb-impl\2.3.0\jaxb-impl-2.3.0.jar;D:\jimmy_down\apache-maven-3.3.9\repository\javax\activation\activation\1.1.1\activation-1.1.1.jar;D:\jimmy_down\apache-maven-3.3.9\repository\org\apache\httpcomponents\httpclient\4.5.5\httpclient-4.5.5.jar;D:\jimmy_down\apache-maven-3.3.9\repository\org\apache\httpcomponents\httpcore\4.4.12\httpcore-4.4.12.jar;D:\jimmy_down\apache-maven-3.3.9\repository\commons-codec\commons-codec\1.11\commons-codec-1.11.jar;D:\jimmy_down\apache-maven-3.3.9\repository\net\minidev\json-smart\2.2.1\json-smart-2.2.1.jar;D:\jimmy_down\apache-maven-3.3.9\repository\net\minidev\accessors-smart\1.1\accessors-smart-1.1.jar;D:\jimmy_down\apache-maven-3.3.9\repository\com\google\code\gson\gson\2.8.5\gson-2.8.5.jar;"/>
    <property name="sun.cpu.endian" value="little"/>
    <property name="user.home" value="C:\Users\00320558"/>
    <property name="user.language" value="zh"/>
    <property name="java.specification.vendor" value="Oracle Corporation"/>
    <property name="java.home" value="C:\Program Files\Java\jdk1.8.0_77\jre"/>
    <property name="basedir" value="D:\workspaceBoot\orderManagementSystem"/>
    <property name="style.color" value="always"/>
    <property name="file.separator" value="\"/>
    <property name="line.separator" value="&#10;"/>
    <property name="java.vm.specification.vendor" value="Oracle Corporation"/>
    <property name="java.specification.name" value="Java Platform API Specification"/>
    <property name="java.awt.graphicsenv" value="sun.awt.Win32GraphicsEnvironment"/>
    <property name="surefire.real.class.path" value="D:\tmp\surefire412786991662949019\surefirebooter4728255775012622194.jar"/>
    <property name="sun.boot.class.path" value="C:\Program Files\Java\jdk1.8.0_77\jre\lib\resources.jar;C:\Program Files\Java\jdk1.8.0_77\jre\lib\rt.jar;C:\Program Files\Java\jdk1.8.0_77\jre\lib\sunrsasign.jar;C:\Program Files\Java\jdk1.8.0_77\jre\lib\jsse.jar;C:\Program Files\Java\jdk1.8.0_77\jre\lib\jce.jar;C:\Program Files\Java\jdk1.8.0_77\jre\lib\charsets.jar;C:\Program Files\Java\jdk1.8.0_77\jre\lib\jfr.jar;C:\Program Files\Java\jdk1.8.0_77\jre\classes"/>
    <property name="user.script" value=""/>
    <property name="sun.management.compiler" value="HotSpot 64-Bit Tiered Compilers"/>
    <property name="java.runtime.version" value="1.8.0_77-b03"/>
    <property name="user.name" value="00320558"/>
    <property name="path.separator" value=";"/>
    <property name="os.version" value="6.1"/>
    <property name="java.endorsed.dirs" value="C:\Program Files\Java\jdk1.8.0_77\jre\lib\endorsed"/>
    <property name="java.runtime.name" value="Java(TM) SE Runtime Environment"/>
    <property name="file.encoding" value="GBK"/>
    <property name="java.vm.name" value="Java HotSpot(TM) 64-Bit Server VM"/>
    <property name="localRepository" value="D:\jimmy_down\apache-maven-3.3.9\repository"/>
    <property name="java.vendor.url.bug" value="http://bugreport.sun.com/bugreport/"/>
    <property name="java.io.tmpdir" value="D:\tmp\"/>
    <property name="java.version" value="1.8.0_77"/>
    <property name="user.dir" value="D:\workspaceBoot\orderManagementSystem"/>
    <property name="os.arch" value="amd64"/>
    <property name="java.vm.specification.name" value="Java Virtual Machine Specification"/>
    <property name="java.awt.printerjob" value="sun.awt.windows.WPrinterJob"/>
    <property name="sun.os.patch.level" value="Service Pack 1"/>
    <property name="java.library.path" value="C:\Program Files\Java\jdk1.8.0_77\jre\bin;C:\Windows\Sun\Java\bin;C:\Windows\system32;C:\Windows;C:/Program Files/Java/jdk1.8.0_77/bin/../jre/bin/server;C:/Program Files/Java/jdk1.8.0_77/bin/../jre/bin;C:/Program Files/Java/jdk1.8.0_77/bin/../jre/lib/amd64;C:\Program Files\Java\jdk1.8.0_77\bin;C:\Program Files\Java\jdk1.8.0_77\jre\bin;C:\ProgramData\Oracle\Java\javapath;C:\Windows\system32;C:\Windows;C:\Windows\System32\Wbem;C:\Windows\System32\WindowsPowerShell\v1.0\;C:\Program Files\TortoiseSVN\bin;D:\jimmy_down\apache-tomcat-8.0.47\lib\servlet-api.jar;D:\jimmy_down\apache-maven-3.5.0-bin\apache-maven-3.5.0\bin ;D:\Program Files\nodejs\;D:\Program Files\nodejs\node_global;C:\Users\00320558\AppData\Roaming\npm;C:\Users\00320558\AppData\Local\Programs\Fiddler;D:\jimmy_down\sts-4.3.2.RELEASE;;."/>
    <property name="java.vm.info" value="mixed mode"/>
    <property name="java.vendor" value="Oracle Corporation"/>
    <property name="java.vm.version" value="25.77-b03"/>
    <property name="java.ext.dirs" value="C:\Program Files\Java\jdk1.8.0_77\jre\lib\ext;C:\Windows\Sun\Java\lib\ext"/>
    <property name="sun.io.unicode.encoding" value="UnicodeLittle"/>
    <property name="java.class.version" value="52.0"/>
  </properties>
  <testcase name="contextLoads" classname="com.want.OrderManagementSystemApplicationTests" time="3.78"/>
</testsuite>